<html>
<head>
<title>TestNG:  FileAction Test</title>
<link href="../testng.css" rel="stylesheet" type="text/css" />
<link href="../my-testng.css" rel="stylesheet" type="text/css" />

<style type="text/css">
.log { display: none;} 
.stack-trace { display: none;} 
</style>
<script type="text/javascript">
<!--
function flip(e) {
  current = e.style.display;
  if (current == 'block') {
    e.style.display = 'none';
    return 0;
  }
  else {
    e.style.display = 'block';
    return 1;
  }
}

function toggleBox(szDivId, elem, msg1, msg2)
{
  var res = -1;  if (document.getElementById) {
    res = flip(document.getElementById(szDivId));
  }
  else if (document.all) {
    // this is the way old msie versions work
    res = flip(document.all[szDivId]);
  }
  if(elem) {
    if(res == 0) elem.innerHTML = msg1; else elem.innerHTML = msg2;
  }

}

function toggleAllBoxes() {
  if (document.getElementsByTagName) {
    d = document.getElementsByTagName('div');
    for (i = 0; i < d.length; i++) {
      if (d[i].className == 'log') {
        flip(d[i]);
      }
    }
  }
}

// -->
</script>

</head>
<body>
<h2 align='center'>FileAction Test</h2><table border='1' align="center">
<tr>
<td>Tests passed/Failed/Skipped:</td><td>20/0/0</td>
</tr><tr>
<td>Started on:</td><td>Wed Dec 12 12:58:26 EST 2018</td>
</tr>
<tr><td>Total time:</td><td>0 seconds (204 ms)</td>
</tr><tr>
<td>Included groups:</td><td></td>
</tr><tr>
<td>Excluded groups:</td><td></td>
</tr>
</table><p/>
<small><i>(Hover the method name to see the test class name)</i></small><p/>
<table width='100%' border='1' class='invocation-passed'>
<tr><td colspan='4' align='center'><b>PASSED TESTS</b></td></tr>
<tr><td><b>Test method</b></td>
<td width="30%"><b>Exception</b></td>
<td width="10%"><b>Time (seconds)</b></td>
<td><b>Instance</b></td>
</tr>
<tr>
<td title='test.FileActionTest.get_LargestWord_File_DoesNotExist()'><b>get_LargestWord_File_DoesNotExist</b><br>Test class: test.FileActionTest<br>Parameters: src/test/resources/fileDoesNotExist.txt</td>
<td><div><pre>java.lang.Exception: File does not exist
	at com.FileAction.getLargestWord(FileAction.java:32)
	at test.FileActionTest.get_LargestWord_File_DoesNotExist(FileActionTest.java:136)
... Removed 28 stack frames</pre></div><a href='#' onClick='toggleBox("stack-trace269468037", this, "Click to show all stack frames", "Click to hide stack frames")'>Click to show all stack frames</a>
<div class='stack-trace' id='stack-trace269468037'><pre>java.lang.Exception: File does not exist
	at com.FileAction.getLargestWord(FileAction.java:32)
	at test.FileActionTest.get_LargestWord_File_DoesNotExist(FileActionTest.java:136)
	at sun.reflect.NativeMethodAccessorImpl.invoke0(Native Method)
	at sun.reflect.NativeMethodAccessorImpl.invoke(NativeMethodAccessorImpl.java:62)
	at sun.reflect.DelegatingMethodAccessorImpl.invoke(DelegatingMethodAccessorImpl.java:43)
	at java.lang.reflect.Method.invoke(Method.java:498)
	at org.testng.internal.MethodInvocationHelper.invokeMethod(MethodInvocationHelper.java:124)
	at org.testng.internal.Invoker.invokeMethod(Invoker.java:583)
	at org.testng.internal.Invoker.invokeTestMethod(Invoker.java:719)
	at org.testng.internal.Invoker.invokeTestMethods(Invoker.java:989)
	at org.testng.internal.TestMethodWorker.invokeTestMethods(TestMethodWorker.java:125)
	at org.testng.internal.TestMethodWorker.run(TestMethodWorker.java:109)
	at org.testng.TestRunner.privateRun(TestRunner.java:648)
	at org.testng.TestRunner.run(TestRunner.java:505)
	at org.testng.SuiteRunner.runTest(SuiteRunner.java:455)
	at org.testng.SuiteRunner.runSequentially(SuiteRunner.java:450)
	at org.testng.SuiteRunner.privateRun(SuiteRunner.java:415)
	at org.testng.SuiteRunner.run(SuiteRunner.java:364)
	at org.testng.SuiteRunnerWorker.runSuite(SuiteRunnerWorker.java:52)
	at org.testng.SuiteRunnerWorker.run(SuiteRunnerWorker.java:84)
	at org.testng.TestNG.runSuitesSequentially(TestNG.java:1208)
	at org.testng.TestNG.runSuitesLocally(TestNG.java:1137)
	at org.testng.TestNG.runSuites(TestNG.java:1049)
	at org.testng.TestNG.run(TestNG.java:1017)
	at org.apache.maven.surefire.testng.TestNGExecutor.run(TestNGExecutor.java:281)
	at org.apache.maven.surefire.testng.TestNGXmlTestSuite.execute(TestNGXmlTestSuite.java:75)
	at org.apache.maven.surefire.testng.TestNGProvider.invoke(TestNGProvider.java:121)
	at org.apache.maven.surefire.booter.ForkedBooter.invokeProviderInSameClassLoader(ForkedBooter.java:290)
	at org.apache.maven.surefire.booter.ForkedBooter.runSuitesInProcess(ForkedBooter.java:242)
	at org.apache.maven.surefire.booter.ForkedBooter.main(ForkedBooter.java:121)
</pre></div></td>
<td>0</td>
<td>test.FileActionTest@1e643faf</td></tr>
<tr>
<td title='test.FileActionTest.get_LargestWord_File_Empty()'><b>get_LargestWord_File_Empty</b><br>Test class: test.FileActionTest<br>Parameters: src/test/resources/fileEmpty.txt</td>
<td><div><pre>java.lang.Exception: File is Empty
	at com.FileAction.getLargestWord(FileAction.java:29)
	at test.FileActionTest.get_LargestWord_File_Empty(FileActionTest.java:114)
... Removed 28 stack frames</pre></div><a href='#' onClick='toggleBox("stack-trace57494364", this, "Click to show all stack frames", "Click to hide stack frames")'>Click to show all stack frames</a>
<div class='stack-trace' id='stack-trace57494364'><pre>java.lang.Exception: File is Empty
	at com.FileAction.getLargestWord(FileAction.java:29)
	at test.FileActionTest.get_LargestWord_File_Empty(FileActionTest.java:114)
	at sun.reflect.NativeMethodAccessorImpl.invoke0(Native Method)
	at sun.reflect.NativeMethodAccessorImpl.invoke(NativeMethodAccessorImpl.java:62)
	at sun.reflect.DelegatingMethodAccessorImpl.invoke(DelegatingMethodAccessorImpl.java:43)
	at java.lang.reflect.Method.invoke(Method.java:498)
	at org.testng.internal.MethodInvocationHelper.invokeMethod(MethodInvocationHelper.java:124)
	at org.testng.internal.Invoker.invokeMethod(Invoker.java:583)
	at org.testng.internal.Invoker.invokeTestMethod(Invoker.java:719)
	at org.testng.internal.Invoker.invokeTestMethods(Invoker.java:989)
	at org.testng.internal.TestMethodWorker.invokeTestMethods(TestMethodWorker.java:125)
	at org.testng.internal.TestMethodWorker.run(TestMethodWorker.java:109)
	at org.testng.TestRunner.privateRun(TestRunner.java:648)
	at org.testng.TestRunner.run(TestRunner.java:505)
	at org.testng.SuiteRunner.runTest(SuiteRunner.java:455)
	at org.testng.SuiteRunner.runSequentially(SuiteRunner.java:450)
	at org.testng.SuiteRunner.privateRun(SuiteRunner.java:415)
	at org.testng.SuiteRunner.run(SuiteRunner.java:364)
	at org.testng.SuiteRunnerWorker.runSuite(SuiteRunnerWorker.java:52)
	at org.testng.SuiteRunnerWorker.run(SuiteRunnerWorker.java:84)
	at org.testng.TestNG.runSuitesSequentially(TestNG.java:1208)
	at org.testng.TestNG.runSuitesLocally(TestNG.java:1137)
	at org.testng.TestNG.runSuites(TestNG.java:1049)
	at org.testng.TestNG.run(TestNG.java:1017)
	at org.apache.maven.surefire.testng.TestNGExecutor.run(TestNGExecutor.java:281)
	at org.apache.maven.surefire.testng.TestNGXmlTestSuite.execute(TestNGXmlTestSuite.java:75)
	at org.apache.maven.surefire.testng.TestNGProvider.invoke(TestNGProvider.java:121)
	at org.apache.maven.surefire.booter.ForkedBooter.invokeProviderInSameClassLoader(ForkedBooter.java:290)
	at org.apache.maven.surefire.booter.ForkedBooter.runSuitesInProcess(ForkedBooter.java:242)
	at org.apache.maven.surefire.booter.ForkedBooter.main(ForkedBooter.java:121)
</pre></div></td>
<td>0</td>
<td>test.FileActionTest@1e643faf</td></tr>
<tr>
<td title='test.FileActionTest.get_LargestWord_File_MultipleWordsSameLine()'><b>get_LargestWord_File_MultipleWordsSameLine</b><br>Test class: test.FileActionTest<br>Parameters: src/test/resources/fileMultipleWordsSameLine.txt, abc xxxxxxxxx</td>
<td></td>
<td>0</td>
<td>test.FileActionTest@1e643faf</td></tr>
<tr>
<td title='test.FileActionTest.get_LargestWord_File_NotSupported()'><b>get_LargestWord_File_NotSupported</b><br>Test class: test.FileActionTest<br>Parameters: src/test/resources/image.jpg</td>
<td><div><pre>java.lang.Exception: File Format is not supported
	at com.FileAction.getLargestWord(FileAction.java:35)
	at test.FileActionTest.get_LargestWord_File_NotSupported(FileActionTest.java:262)
... Removed 28 stack frames</pre></div><a href='#' onClick='toggleBox("stack-trace1659791576", this, "Click to show all stack frames", "Click to hide stack frames")'>Click to show all stack frames</a>
<div class='stack-trace' id='stack-trace1659791576'><pre>java.lang.Exception: File Format is not supported
	at com.FileAction.getLargestWord(FileAction.java:35)
	at test.FileActionTest.get_LargestWord_File_NotSupported(FileActionTest.java:262)
	at sun.reflect.NativeMethodAccessorImpl.invoke0(Native Method)
	at sun.reflect.NativeMethodAccessorImpl.invoke(NativeMethodAccessorImpl.java:62)
	at sun.reflect.DelegatingMethodAccessorImpl.invoke(DelegatingMethodAccessorImpl.java:43)
	at java.lang.reflect.Method.invoke(Method.java:498)
	at org.testng.internal.MethodInvocationHelper.invokeMethod(MethodInvocationHelper.java:124)
	at org.testng.internal.Invoker.invokeMethod(Invoker.java:583)
	at org.testng.internal.Invoker.invokeTestMethod(Invoker.java:719)
	at org.testng.internal.Invoker.invokeTestMethods(Invoker.java:989)
	at org.testng.internal.TestMethodWorker.invokeTestMethods(TestMethodWorker.java:125)
	at org.testng.internal.TestMethodWorker.run(TestMethodWorker.java:109)
	at org.testng.TestRunner.privateRun(TestRunner.java:648)
	at org.testng.TestRunner.run(TestRunner.java:505)
	at org.testng.SuiteRunner.runTest(SuiteRunner.java:455)
	at org.testng.SuiteRunner.runSequentially(SuiteRunner.java:450)
	at org.testng.SuiteRunner.privateRun(SuiteRunner.java:415)
	at org.testng.SuiteRunner.run(SuiteRunner.java:364)
	at org.testng.SuiteRunnerWorker.runSuite(SuiteRunnerWorker.java:52)
	at org.testng.SuiteRunnerWorker.run(SuiteRunnerWorker.java:84)
	at org.testng.TestNG.runSuitesSequentially(TestNG.java:1208)
	at org.testng.TestNG.runSuitesLocally(TestNG.java:1137)
	at org.testng.TestNG.runSuites(TestNG.java:1049)
	at org.testng.TestNG.run(TestNG.java:1017)
	at org.apache.maven.surefire.testng.TestNGExecutor.run(TestNGExecutor.java:281)
	at org.apache.maven.surefire.testng.TestNGXmlTestSuite.execute(TestNGXmlTestSuite.java:75)
	at org.apache.maven.surefire.testng.TestNGProvider.invoke(TestNGProvider.java:121)
	at org.apache.maven.surefire.booter.ForkedBooter.invokeProviderInSameClassLoader(ForkedBooter.java:290)
	at org.apache.maven.surefire.booter.ForkedBooter.runSuitesInProcess(ForkedBooter.java:242)
	at org.apache.maven.surefire.booter.ForkedBooter.main(ForkedBooter.java:121)
</pre></div></td>
<td>0</td>
<td>test.FileActionTest@1e643faf</td></tr>
<tr>
<td title='test.FileActionTest.get_LargestWord_File_Specialcharacters()'><b>get_LargestWord_File_Specialcharacters</b><br>Test class: test.FileActionTest<br>Parameters: src/test/resources/fileSpecialcharacters.txt, abc#$%)*+@d</td>
<td></td>
<td>0</td>
<td>test.FileActionTest@1e643faf</td></tr>
<tr>
<td title='test.FileActionTest.get_LargestWord_From_File_HappyPath()'><b>get_LargestWord_From_File_HappyPath</b><br>Test class: test.FileActionTest<br>Parameters: abcde, src/test/resources/fileHappyPath.txt</td>
<td></td>
<td>0</td>
<td>test.FileActionTest@1e643faf</td></tr>
<tr>
<td title='test.FileActionTest.get_LargestWord_From_File_LineWithSpaces()'><b>get_LargestWord_From_File_LineWithSpaces</b><br>Test class: test.FileActionTest<br>Parameters: abcde, src/test/resources/fileLineWithSpaces.txt</td>
<td></td>
<td>0</td>
<td>test.FileActionTest@1e643faf</td></tr>
<tr>
<td title='test.FileActionTest.get_LargestWord_From_File_MultipleLargeWords()'><b>get_LargestWord_From_File_MultipleLargeWords</b><br>Test class: test.FileActionTest<br>Parameters: abcde, src/test/resources/fileMultipleLargeWords.txt</td>
<td></td>
<td>0</td>
<td>test.FileActionTest@1e643faf</td></tr>
<tr>
<td title='test.FileActionTest.get_LargestWord_From_File_OneWord()'><b>get_LargestWord_From_File_OneWord</b><br>Test class: test.FileActionTest<br>Parameters: ab, src/test/resources/fileOneWord.txt</td>
<td></td>
<td>0</td>
<td>test.FileActionTest@1e643faf</td></tr>
<tr>
<td title='test.FileActionTest.get_LargestWord_From_File_StartWithBlankLines()'><b>get_LargestWord_From_File_StartWithBlankLines</b><br>Test class: test.FileActionTest<br>Parameters: abcde, src/test/resources/fileStartWithBlankLines.txt</td>
<td></td>
<td>0</td>
<td>test.FileActionTest@1e643faf</td></tr>
<tr>
<td title='test.FileActionTest.get_LargestWord_Transposed_File_NotSupported()'><b>get_LargestWord_Transposed_File_NotSupported</b><br>Test class: test.FileActionTest<br>Parameters: src/test/resources/image.jpg</td>
<td><div><pre>java.lang.Exception: File Format is not supported
	at com.FileAction.getLargestWord(FileAction.java:35)
	at com.FileAction.getLargestWordTransposed(FileAction.java:39)
	at test.FileActionTest.get_LargestWord_Transposed_File_NotSupported(FileActionTest.java:273)
... Removed 28 stack frames</pre></div><a href='#' onClick='toggleBox("stack-trace2015601401", this, "Click to show all stack frames", "Click to hide stack frames")'>Click to show all stack frames</a>
<div class='stack-trace' id='stack-trace2015601401'><pre>java.lang.Exception: File Format is not supported
	at com.FileAction.getLargestWord(FileAction.java:35)
	at com.FileAction.getLargestWordTransposed(FileAction.java:39)
	at test.FileActionTest.get_LargestWord_Transposed_File_NotSupported(FileActionTest.java:273)
	at sun.reflect.NativeMethodAccessorImpl.invoke0(Native Method)
	at sun.reflect.NativeMethodAccessorImpl.invoke(NativeMethodAccessorImpl.java:62)
	at sun.reflect.DelegatingMethodAccessorImpl.invoke(DelegatingMethodAccessorImpl.java:43)
	at java.lang.reflect.Method.invoke(Method.java:498)
	at org.testng.internal.MethodInvocationHelper.invokeMethod(MethodInvocationHelper.java:124)
	at org.testng.internal.Invoker.invokeMethod(Invoker.java:583)
	at org.testng.internal.Invoker.invokeTestMethod(Invoker.java:719)
	at org.testng.internal.Invoker.invokeTestMethods(Invoker.java:989)
	at org.testng.internal.TestMethodWorker.invokeTestMethods(TestMethodWorker.java:125)
	at org.testng.internal.TestMethodWorker.run(TestMethodWorker.java:109)
	at org.testng.TestRunner.privateRun(TestRunner.java:648)
	at org.testng.TestRunner.run(TestRunner.java:505)
	at org.testng.SuiteRunner.runTest(SuiteRunner.java:455)
	at org.testng.SuiteRunner.runSequentially(SuiteRunner.java:450)
	at org.testng.SuiteRunner.privateRun(SuiteRunner.java:415)
	at org.testng.SuiteRunner.run(SuiteRunner.java:364)
	at org.testng.SuiteRunnerWorker.runSuite(SuiteRunnerWorker.java:52)
	at org.testng.SuiteRunnerWorker.run(SuiteRunnerWorker.java:84)
	at org.testng.TestNG.runSuitesSequentially(TestNG.java:1208)
	at org.testng.TestNG.runSuitesLocally(TestNG.java:1137)
	at org.testng.TestNG.runSuites(TestNG.java:1049)
	at org.testng.TestNG.run(TestNG.java:1017)
	at org.apache.maven.surefire.testng.TestNGExecutor.run(TestNGExecutor.java:281)
	at org.apache.maven.surefire.testng.TestNGXmlTestSuite.execute(TestNGXmlTestSuite.java:75)
	at org.apache.maven.surefire.testng.TestNGProvider.invoke(TestNGProvider.java:121)
	at org.apache.maven.surefire.booter.ForkedBooter.invokeProviderInSameClassLoader(ForkedBooter.java:290)
	at org.apache.maven.surefire.booter.ForkedBooter.runSuitesInProcess(ForkedBooter.java:242)
	at org.apache.maven.surefire.booter.ForkedBooter.main(ForkedBooter.java:121)
</pre></div></td>
<td>0</td>
<td>test.FileActionTest@1e643faf</td></tr>
<tr>
<td title='test.FileActionTest.get_LargestWord_Transposed_From_File_HappyPath()'><b>get_LargestWord_Transposed_From_File_HappyPath</b><br>Test class: test.FileActionTest<br>Parameters: edcba, src/test/resources/fileHappyPath.txt</td>
<td></td>
<td>0</td>
<td>test.FileActionTest@1e643faf</td></tr>
<tr>
<td title='test.FileActionTest.get_LargestWord_Transposed_From_File_LineWithSpaces()'><b>get_LargestWord_Transposed_From_File_LineWithSpaces</b><br>Test class: test.FileActionTest<br>Parameters: edcba, src/test/resources/fileLineWithSpaces.txt</td>
<td></td>
<td>0</td>
<td>test.FileActionTest@1e643faf</td></tr>
<tr>
<td title='test.FileActionTest.get_LargestWord_Transposed_From_File_MultipleLargeWords()'><b>get_LargestWord_Transposed_From_File_MultipleLargeWords</b><br>Test class: test.FileActionTest<br>Parameters: edcba, src/test/resources/fileMultipleLargeWords.txt</td>
<td></td>
<td>0</td>
<td>test.FileActionTest@1e643faf</td></tr>
<tr>
<td title='test.FileActionTest.get_LargestWord_Transposed_From_File_OneWord()'><b>get_LargestWord_Transposed_From_File_OneWord</b><br>Test class: test.FileActionTest<br>Parameters: ba, src/test/resources/fileOneWord.txt</td>
<td></td>
<td>0</td>
<td>test.FileActionTest@1e643faf</td></tr>
<tr>
<td title='test.FileActionTest.get_LargestWord_Transposed_From_File_StartWithBlankLines()'><b>get_LargestWord_Transposed_From_File_StartWithBlankLines</b><br>Test class: test.FileActionTest<br>Parameters: edcba, src/test/resources/fileStartWithBlankLines.txt</td>
<td></td>
<td>0</td>
<td>test.FileActionTest@1e643faf</td></tr>
<tr>
<td title='test.FileActionTest.get_LargestWord__Transposed_File_Empty()'><b>get_LargestWord__Transposed_File_Empty</b><br>Test class: test.FileActionTest<br>Parameters: src/test/resources/fileEmpty.txt</td>
<td><div><pre>java.lang.Exception: File is Empty
	at com.FileAction.getLargestWord(FileAction.java:29)
	at com.FileAction.getLargestWordTransposed(FileAction.java:39)
	at test.FileActionTest.get_LargestWord__Transposed_File_Empty(FileActionTest.java:125)
... Removed 28 stack frames</pre></div><a href='#' onClick='toggleBox("stack-trace1282473384", this, "Click to show all stack frames", "Click to hide stack frames")'>Click to show all stack frames</a>
<div class='stack-trace' id='stack-trace1282473384'><pre>java.lang.Exception: File is Empty
	at com.FileAction.getLargestWord(FileAction.java:29)
	at com.FileAction.getLargestWordTransposed(FileAction.java:39)
	at test.FileActionTest.get_LargestWord__Transposed_File_Empty(FileActionTest.java:125)
	at sun.reflect.NativeMethodAccessorImpl.invoke0(Native Method)
	at sun.reflect.NativeMethodAccessorImpl.invoke(NativeMethodAccessorImpl.java:62)
	at sun.reflect.DelegatingMethodAccessorImpl.invoke(DelegatingMethodAccessorImpl.java:43)
	at java.lang.reflect.Method.invoke(Method.java:498)
	at org.testng.internal.MethodInvocationHelper.invokeMethod(MethodInvocationHelper.java:124)
	at org.testng.internal.Invoker.invokeMethod(Invoker.java:583)
	at org.testng.internal.Invoker.invokeTestMethod(Invoker.java:719)
	at org.testng.internal.Invoker.invokeTestMethods(Invoker.java:989)
	at org.testng.internal.TestMethodWorker.invokeTestMethods(TestMethodWorker.java:125)
	at org.testng.internal.TestMethodWorker.run(TestMethodWorker.java:109)
	at org.testng.TestRunner.privateRun(TestRunner.java:648)
	at org.testng.TestRunner.run(TestRunner.java:505)
	at org.testng.SuiteRunner.runTest(SuiteRunner.java:455)
	at org.testng.SuiteRunner.runSequentially(SuiteRunner.java:450)
	at org.testng.SuiteRunner.privateRun(SuiteRunner.java:415)
	at org.testng.SuiteRunner.run(SuiteRunner.java:364)
	at org.testng.SuiteRunnerWorker.runSuite(SuiteRunnerWorker.java:52)
	at org.testng.SuiteRunnerWorker.run(SuiteRunnerWorker.java:84)
	at org.testng.TestNG.runSuitesSequentially(TestNG.java:1208)
	at org.testng.TestNG.runSuitesLocally(TestNG.java:1137)
	at org.testng.TestNG.runSuites(TestNG.java:1049)
	at org.testng.TestNG.run(TestNG.java:1017)
	at org.apache.maven.surefire.testng.TestNGExecutor.run(TestNGExecutor.java:281)
	at org.apache.maven.surefire.testng.TestNGXmlTestSuite.execute(TestNGXmlTestSuite.java:75)
	at org.apache.maven.surefire.testng.TestNGProvider.invoke(TestNGProvider.java:121)
	at org.apache.maven.surefire.booter.ForkedBooter.invokeProviderInSameClassLoader(ForkedBooter.java:290)
	at org.apache.maven.surefire.booter.ForkedBooter.runSuitesInProcess(ForkedBooter.java:242)
	at org.apache.maven.surefire.booter.ForkedBooter.main(ForkedBooter.java:121)
</pre></div></td>
<td>0</td>
<td>test.FileActionTest@1e643faf</td></tr>
<tr>
<td title='test.FileActionTest.get_LargestWord__Transposed_File_MultipleWordsSameLine()'><b>get_LargestWord__Transposed_File_MultipleWordsSameLine</b><br>Test class: test.FileActionTest<br>Parameters: src/test/resources/fileMultipleWordsSameLine.txt, xxxxxxxxx cba</td>
<td></td>
<td>0</td>
<td>test.FileActionTest@1e643faf</td></tr>
<tr>
<td title='test.FileActionTest.get_LargestWord__Transposed_File_Specialcharacters()'><b>get_LargestWord__Transposed_File_Specialcharacters</b><br>Test class: test.FileActionTest<br>Parameters: src/test/resources/fileSpecialcharacters.txt, d@+*)%$#cba</td>
<td></td>
<td>0</td>
<td>test.FileActionTest@1e643faf</td></tr>
<tr>
<td title='test.FileActionTest.get_LargestWord__Transposed__File_DoesNotExist()'><b>get_LargestWord__Transposed__File_DoesNotExist</b><br>Test class: test.FileActionTest<br>Parameters: src/test/resources/fileDoesNotExist.txt</td>
<td><div><pre>java.lang.Exception: File does not exist
	at com.FileAction.getLargestWord(FileAction.java:32)
	at com.FileAction.getLargestWordTransposed(FileAction.java:39)
	at test.FileActionTest.get_LargestWord__Transposed__File_DoesNotExist(FileActionTest.java:147)
... Removed 28 stack frames</pre></div><a href='#' onClick='toggleBox("stack-trace1529306539", this, "Click to show all stack frames", "Click to hide stack frames")'>Click to show all stack frames</a>
<div class='stack-trace' id='stack-trace1529306539'><pre>java.lang.Exception: File does not exist
	at com.FileAction.getLargestWord(FileAction.java:32)
	at com.FileAction.getLargestWordTransposed(FileAction.java:39)
	at test.FileActionTest.get_LargestWord__Transposed__File_DoesNotExist(FileActionTest.java:147)
	at sun.reflect.NativeMethodAccessorImpl.invoke0(Native Method)
	at sun.reflect.NativeMethodAccessorImpl.invoke(NativeMethodAccessorImpl.java:62)
	at sun.reflect.DelegatingMethodAccessorImpl.invoke(DelegatingMethodAccessorImpl.java:43)
	at java.lang.reflect.Method.invoke(Method.java:498)
	at org.testng.internal.MethodInvocationHelper.invokeMethod(MethodInvocationHelper.java:124)
	at org.testng.internal.Invoker.invokeMethod(Invoker.java:583)
	at org.testng.internal.Invoker.invokeTestMethod(Invoker.java:719)
	at org.testng.internal.Invoker.invokeTestMethods(Invoker.java:989)
	at org.testng.internal.TestMethodWorker.invokeTestMethods(TestMethodWorker.java:125)
	at org.testng.internal.TestMethodWorker.run(TestMethodWorker.java:109)
	at org.testng.TestRunner.privateRun(TestRunner.java:648)
	at org.testng.TestRunner.run(TestRunner.java:505)
	at org.testng.SuiteRunner.runTest(SuiteRunner.java:455)
	at org.testng.SuiteRunner.runSequentially(SuiteRunner.java:450)
	at org.testng.SuiteRunner.privateRun(SuiteRunner.java:415)
	at org.testng.SuiteRunner.run(SuiteRunner.java:364)
	at org.testng.SuiteRunnerWorker.runSuite(SuiteRunnerWorker.java:52)
	at org.testng.SuiteRunnerWorker.run(SuiteRunnerWorker.java:84)
	at org.testng.TestNG.runSuitesSequentially(TestNG.java:1208)
	at org.testng.TestNG.runSuitesLocally(TestNG.java:1137)
	at org.testng.TestNG.runSuites(TestNG.java:1049)
	at org.testng.TestNG.run(TestNG.java:1017)
	at org.apache.maven.surefire.testng.TestNGExecutor.run(TestNGExecutor.java:281)
	at org.apache.maven.surefire.testng.TestNGXmlTestSuite.execute(TestNGXmlTestSuite.java:75)
	at org.apache.maven.surefire.testng.TestNGProvider.invoke(TestNGProvider.java:121)
	at org.apache.maven.surefire.booter.ForkedBooter.invokeProviderInSameClassLoader(ForkedBooter.java:290)
	at org.apache.maven.surefire.booter.ForkedBooter.runSuitesInProcess(ForkedBooter.java:242)
	at org.apache.maven.surefire.booter.ForkedBooter.main(ForkedBooter.java:121)
</pre></div></td>
<td>0</td>
<td>test.FileActionTest@1e643faf</td></tr>
</table><p>
</body>
</html>