<?xml version="1.0" encoding="UTF-8"?>
<testng-results skipped="0" failed="0" ignored="0" total="20" passed="20">
  <reporter-output>
  </reporter-output>
  <suite name="FileAction Suite" duration-ms="109" started-at="2018-12-12T18:14:29Z" finished-at="2018-12-12T18:14:29Z">
    <groups>
    </groups>
    <test name="FileAction Test" duration-ms="109" started-at="2018-12-12T18:14:29Z" finished-at="2018-12-12T18:14:29Z">
      <class name="test.FileActionTest">
        <test-method status="PASS" signature="setUp()[pri:0, instance:test.FileActionTest@1e643faf]" name="setUp" is-config="true" duration-ms="16" started-at="2018-12-12T18:14:29Z" finished-at="2018-12-12T18:14:29Z">
          <reporter-output>
          </reporter-output>
        </test-method> <!-- setUp -->
        <test-method status="PASS" signature="get_LargestWord_File_DoesNotExist(java.lang.String)[pri:0, instance:test.FileActionTest@1e643faf]" name="get_LargestWord_File_DoesNotExist" duration-ms="15" started-at="2018-12-12T18:14:29Z" finished-at="2018-12-12T18:14:29Z">
          <params>
            <param index="0">
              <value>
                <![CDATA[src/test/resources/fileDoesNotExist.txt]]>
              </value>
            </param>
          </params>
          <exception class="java.lang.Exception">
            <message>
              <![CDATA[File does not exist]]>
            </message>
            <full-stacktrace>
              <![CDATA[java.lang.Exception: File does not exist
at com.FileAction.getLargestWord(FileAction.java:32)
at test.FileActionTest.get_LargestWord_File_DoesNotExist(FileActionTest.java:136)
at sun.reflect.NativeMethodAccessorImpl.invoke0(Native Method)
at sun.reflect.NativeMethodAccessorImpl.invoke(NativeMethodAccessorImpl.java:62)
at sun.reflect.DelegatingMethodAccessorImpl.invoke(DelegatingMethodAccessorImpl.java:43)
at java.lang.reflect.Method.invoke(Method.java:498)
at org.testng.internal.MethodInvocationHelper.invokeMethod(MethodInvocationHelper.java:124)
at org.testng.internal.Invoker.invokeMethod(Invoker.java:583)
at org.testng.internal.Invoker.invokeTestMethod(Invoker.java:719)
at org.testng.internal.Invoker.invokeTestMethods(Invoker.java:989)
at org.testng.internal.TestMethodWorker.invokeTestMethods(TestMethodWorker.java:125)
at org.testng.internal.TestMethodWorker.run(TestMethodWorker.java:109)
at org.testng.TestRunner.privateRun(TestRunner.java:648)
at org.testng.TestRunner.run(TestRunner.java:505)
at org.testng.SuiteRunner.runTest(SuiteRunner.java:455)
at org.testng.SuiteRunner.runSequentially(SuiteRunner.java:450)
at org.testng.SuiteRunner.privateRun(SuiteRunner.java:415)
at org.testng.SuiteRunner.run(SuiteRunner.java:364)
at org.testng.SuiteRunnerWorker.runSuite(SuiteRunnerWorker.java:52)
at org.testng.SuiteRunnerWorker.run(SuiteRunnerWorker.java:84)
at org.testng.TestNG.runSuitesSequentially(TestNG.java:1208)
at org.testng.TestNG.runSuitesLocally(TestNG.java:1137)
at org.testng.TestNG.runSuites(TestNG.java:1049)
at org.testng.TestNG.run(TestNG.java:1017)
at org.apache.maven.surefire.testng.TestNGExecutor.run(TestNGExecutor.java:281)
at org.apache.maven.surefire.testng.TestNGXmlTestSuite.execute(TestNGXmlTestSuite.java:75)
at org.apache.maven.surefire.testng.TestNGProvider.invoke(TestNGProvider.java:121)
at org.apache.maven.surefire.booter.ForkedBooter.invokeProviderInSameClassLoader(ForkedBooter.java:290)
at org.apache.maven.surefire.booter.ForkedBooter.runSuitesInProcess(ForkedBooter.java:242)
at org.apache.maven.surefire.booter.ForkedBooter.main(ForkedBooter.java:121)
]]>
            </full-stacktrace>
          </exception> <!-- java.lang.Exception -->
          <reporter-output>
          </reporter-output>
        </test-method> <!-- get_LargestWord_File_DoesNotExist -->
        <test-method status="PASS" signature="get_LargestWord_File_Specialcharacters(java.lang.String, java.lang.String)[pri:0, instance:test.FileActionTest@1e643faf]" name="get_LargestWord_File_Specialcharacters" duration-ms="0" started-at="2018-12-12T18:14:29Z" finished-at="2018-12-12T18:14:29Z">
          <params>
            <param index="0">
              <value>
                <![CDATA[src/test/resources/fileSpecialcharacters.txt]]>
              </value>
            </param>
            <param index="1">
              <value>
                <![CDATA[abc#$%)*+@d]]>
              </value>
            </param>
          </params>
          <reporter-output>
          </reporter-output>
        </test-method> <!-- get_LargestWord_File_Specialcharacters -->
        <test-method status="PASS" signature="setUp()[pri:0, instance:test.FileActionTest@1e643faf]" name="setUp" is-config="true" duration-ms="0" started-at="2018-12-12T18:14:29Z" finished-at="2018-12-12T18:14:29Z">
          <reporter-output>
          </reporter-output>
        </test-method> <!-- setUp -->
        <test-method status="PASS" signature="setUp()[pri:0, instance:test.FileActionTest@1e643faf]" name="setUp" is-config="true" duration-ms="0" started-at="2018-12-12T18:14:29Z" finished-at="2018-12-12T18:14:29Z">
          <reporter-output>
          </reporter-output>
        </test-method> <!-- setUp -->
        <test-method status="PASS" signature="get_LargestWord_File_MultipleWordsSameLine(java.lang.String, java.lang.String)[pri:0, instance:test.FileActionTest@1e643faf]" name="get_LargestWord_File_MultipleWordsSameLine" duration-ms="0" started-at="2018-12-12T18:14:29Z" finished-at="2018-12-12T18:14:29Z">
          <params>
            <param index="0">
              <value>
                <![CDATA[src/test/resources/fileMultipleWordsSameLine.txt]]>
              </value>
            </param>
            <param index="1">
              <value>
                <![CDATA[abc xxxxxxxxx]]>
              </value>
            </param>
          </params>
          <reporter-output>
          </reporter-output>
        </test-method> <!-- get_LargestWord_File_MultipleWordsSameLine -->
        <test-method status="PASS" signature="tearDown()[pri:0, instance:test.FileActionTest@1e643faf]" name="tearDown" is-config="true" duration-ms="0" started-at="2018-12-12T18:14:29Z" finished-at="2018-12-12T18:14:29Z">
          <reporter-output>
          </reporter-output>
        </test-method> <!-- tearDown -->
        <test-method status="PASS" signature="get_LargestWord_File_Empty(java.lang.String)[pri:0, instance:test.FileActionTest@1e643faf]" name="get_LargestWord_File_Empty" duration-ms="0" started-at="2018-12-12T18:14:29Z" finished-at="2018-12-12T18:14:29Z">
          <params>
            <param index="0">
              <value>
                <![CDATA[src/test/resources/fileEmpty.txt]]>
              </value>
            </param>
          </params>
          <exception class="java.lang.Exception">
            <message>
              <![CDATA[File is Empty]]>
            </message>
            <full-stacktrace>
              <![CDATA[java.lang.Exception: File is Empty
at com.FileAction.getLargestWord(FileAction.java:29)
at test.FileActionTest.get_LargestWord_File_Empty(FileActionTest.java:114)
at sun.reflect.NativeMethodAccessorImpl.invoke0(Native Method)
at sun.reflect.NativeMethodAccessorImpl.invoke(NativeMethodAccessorImpl.java:62)
at sun.reflect.DelegatingMethodAccessorImpl.invoke(DelegatingMethodAccessorImpl.java:43)
at java.lang.reflect.Method.invoke(Method.java:498)
at org.testng.internal.MethodInvocationHelper.invokeMethod(MethodInvocationHelper.java:124)
at org.testng.internal.Invoker.invokeMethod(Invoker.java:583)
at org.testng.internal.Invoker.invokeTestMethod(Invoker.java:719)
at org.testng.internal.Invoker.invokeTestMethods(Invoker.java:989)
at org.testng.internal.TestMethodWorker.invokeTestMethods(TestMethodWorker.java:125)
at org.testng.internal.TestMethodWorker.run(TestMethodWorker.java:109)
at org.testng.TestRunner.privateRun(TestRunner.java:648)
at org.testng.TestRunner.run(TestRunner.java:505)
at org.testng.SuiteRunner.runTest(SuiteRunner.java:455)
at org.testng.SuiteRunner.runSequentially(SuiteRunner.java:450)
at org.testng.SuiteRunner.privateRun(SuiteRunner.java:415)
at org.testng.SuiteRunner.run(SuiteRunner.java:364)
at org.testng.SuiteRunnerWorker.runSuite(SuiteRunnerWorker.java:52)
at org.testng.SuiteRunnerWorker.run(SuiteRunnerWorker.java:84)
at org.testng.TestNG.runSuitesSequentially(TestNG.java:1208)
at org.testng.TestNG.runSuitesLocally(TestNG.java:1137)
at org.testng.TestNG.runSuites(TestNG.java:1049)
at org.testng.TestNG.run(TestNG.java:1017)
at org.apache.maven.surefire.testng.TestNGExecutor.run(TestNGExecutor.java:281)
at org.apache.maven.surefire.testng.TestNGXmlTestSuite.execute(TestNGXmlTestSuite.java:75)
at org.apache.maven.surefire.testng.TestNGProvider.invoke(TestNGProvider.java:121)
at org.apache.maven.surefire.booter.ForkedBooter.invokeProviderInSameClassLoader(ForkedBooter.java:290)
at org.apache.maven.surefire.booter.ForkedBooter.runSuitesInProcess(ForkedBooter.java:242)
at org.apache.maven.surefire.booter.ForkedBooter.main(ForkedBooter.java:121)
]]>
            </full-stacktrace>
          </exception> <!-- java.lang.Exception -->
          <reporter-output>
          </reporter-output>
        </test-method> <!-- get_LargestWord_File_Empty -->
        <test-method status="PASS" signature="setUp()[pri:0, instance:test.FileActionTest@1e643faf]" name="setUp" is-config="true" duration-ms="0" started-at="2018-12-12T18:14:29Z" finished-at="2018-12-12T18:14:29Z">
          <reporter-output>
          </reporter-output>
        </test-method> <!-- setUp -->
        <test-method status="PASS" signature="setUp()[pri:0, instance:test.FileActionTest@1e643faf]" name="setUp" is-config="true" duration-ms="0" started-at="2018-12-12T18:14:29Z" finished-at="2018-12-12T18:14:29Z">
          <reporter-output>
          </reporter-output>
        </test-method> <!-- setUp -->
        <test-method status="PASS" signature="get_LargestWord_File_NotSupported(java.lang.String)[pri:0, instance:test.FileActionTest@1e643faf]" name="get_LargestWord_File_NotSupported" duration-ms="0" started-at="2018-12-12T18:14:29Z" finished-at="2018-12-12T18:14:29Z">
          <params>
            <param index="0">
              <value>
                <![CDATA[src/test/resources/image.jpg]]>
              </value>
            </param>
          </params>
          <exception class="java.lang.Exception">
            <message>
              <![CDATA[File Format is not supported]]>
            </message>
            <full-stacktrace>
              <![CDATA[java.lang.Exception: File Format is not supported
at com.FileAction.getLargestWord(FileAction.java:35)
at test.FileActionTest.get_LargestWord_File_NotSupported(FileActionTest.java:262)
at sun.reflect.NativeMethodAccessorImpl.invoke0(Native Method)
at sun.reflect.NativeMethodAccessorImpl.invoke(NativeMethodAccessorImpl.java:62)
at sun.reflect.DelegatingMethodAccessorImpl.invoke(DelegatingMethodAccessorImpl.java:43)
at java.lang.reflect.Method.invoke(Method.java:498)
at org.testng.internal.MethodInvocationHelper.invokeMethod(MethodInvocationHelper.java:124)
at org.testng.internal.Invoker.invokeMethod(Invoker.java:583)
at org.testng.internal.Invoker.invokeTestMethod(Invoker.java:719)
at org.testng.internal.Invoker.invokeTestMethods(Invoker.java:989)
at org.testng.internal.TestMethodWorker.invokeTestMethods(TestMethodWorker.java:125)
at org.testng.internal.TestMethodWorker.run(TestMethodWorker.java:109)
at org.testng.TestRunner.privateRun(TestRunner.java:648)
at org.testng.TestRunner.run(TestRunner.java:505)
at org.testng.SuiteRunner.runTest(SuiteRunner.java:455)
at org.testng.SuiteRunner.runSequentially(SuiteRunner.java:450)
at org.testng.SuiteRunner.privateRun(SuiteRunner.java:415)
at org.testng.SuiteRunner.run(SuiteRunner.java:364)
at org.testng.SuiteRunnerWorker.runSuite(SuiteRunnerWorker.java:52)
at org.testng.SuiteRunnerWorker.run(SuiteRunnerWorker.java:84)
at org.testng.TestNG.runSuitesSequentially(TestNG.java:1208)
at org.testng.TestNG.runSuitesLocally(TestNG.java:1137)
at org.testng.TestNG.runSuites(TestNG.java:1049)
at org.testng.TestNG.run(TestNG.java:1017)
at org.apache.maven.surefire.testng.TestNGExecutor.run(TestNGExecutor.java:281)
at org.apache.maven.surefire.testng.TestNGXmlTestSuite.execute(TestNGXmlTestSuite.java:75)
at org.apache.maven.surefire.testng.TestNGProvider.invoke(TestNGProvider.java:121)
at org.apache.maven.surefire.booter.ForkedBooter.invokeProviderInSameClassLoader(ForkedBooter.java:290)
at org.apache.maven.surefire.booter.ForkedBooter.runSuitesInProcess(ForkedBooter.java:242)
at org.apache.maven.surefire.booter.ForkedBooter.main(ForkedBooter.java:121)
]]>
            </full-stacktrace>
          </exception> <!-- java.lang.Exception -->
          <reporter-output>
          </reporter-output>
        </test-method> <!-- get_LargestWord_File_NotSupported -->
        <test-method status="PASS" signature="tearDown()[pri:0, instance:test.FileActionTest@1e643faf]" name="tearDown" is-config="true" duration-ms="0" started-at="2018-12-12T18:14:29Z" finished-at="2018-12-12T18:14:29Z">
          <reporter-output>
          </reporter-output>
        </test-method> <!-- tearDown -->
        <test-method status="PASS" signature="tearDown()[pri:0, instance:test.FileActionTest@1e643faf]" name="tearDown" is-config="true" duration-ms="0" started-at="2018-12-12T18:14:29Z" finished-at="2018-12-12T18:14:29Z">
          <reporter-output>
          </reporter-output>
        </test-method> <!-- tearDown -->
        <test-method status="PASS" signature="tearDown()[pri:0, instance:test.FileActionTest@1e643faf]" name="tearDown" is-config="true" duration-ms="0" started-at="2018-12-12T18:14:29Z" finished-at="2018-12-12T18:14:29Z">
          <reporter-output>
          </reporter-output>
        </test-method> <!-- tearDown -->
        <test-method status="PASS" signature="setUp()[pri:0, instance:test.FileActionTest@1e643faf]" name="setUp" is-config="true" duration-ms="16" started-at="2018-12-12T18:14:29Z" finished-at="2018-12-12T18:14:29Z">
          <reporter-output>
          </reporter-output>
        </test-method> <!-- setUp -->
        <test-method status="PASS" signature="tearDown()[pri:0, instance:test.FileActionTest@1e643faf]" name="tearDown" is-config="true" duration-ms="0" started-at="2018-12-12T18:14:29Z" finished-at="2018-12-12T18:14:29Z">
          <reporter-output>
          </reporter-output>
        </test-method> <!-- tearDown -->
        <test-method status="PASS" signature="tearDown()[pri:0, instance:test.FileActionTest@1e643faf]" name="tearDown" is-config="true" duration-ms="0" started-at="2018-12-12T18:14:29Z" finished-at="2018-12-12T18:14:29Z">
          <reporter-output>
          </reporter-output>
        </test-method> <!-- tearDown -->
        <test-method status="PASS" signature="tearDown()[pri:0, instance:test.FileActionTest@1e643faf]" name="tearDown" is-config="true" duration-ms="0" started-at="2018-12-12T18:14:29Z" finished-at="2018-12-12T18:14:29Z">
          <reporter-output>
          </reporter-output>
        </test-method> <!-- tearDown -->
        <test-method status="PASS" signature="get_LargestWord_From_File_OneWord(java.lang.String, java.lang.String)[pri:0, instance:test.FileActionTest@1e643faf]" name="get_LargestWord_From_File_OneWord" duration-ms="0" started-at="2018-12-12T18:14:29Z" finished-at="2018-12-12T18:14:29Z">
          <params>
            <param index="0">
              <value>
                <![CDATA[ab]]>
              </value>
            </param>
            <param index="1">
              <value>
                <![CDATA[src/test/resources/fileOneWord.txt]]>
              </value>
            </param>
          </params>
          <reporter-output>
          </reporter-output>
        </test-method> <!-- get_LargestWord_From_File_OneWord -->
        <test-method status="PASS" signature="setUp()[pri:0, instance:test.FileActionTest@1e643faf]" name="setUp" is-config="true" duration-ms="0" started-at="2018-12-12T18:14:29Z" finished-at="2018-12-12T18:14:29Z">
          <reporter-output>
          </reporter-output>
        </test-method> <!-- setUp -->
        <test-method status="PASS" signature="setUp()[pri:0, instance:test.FileActionTest@1e643faf]" name="setUp" is-config="true" duration-ms="0" started-at="2018-12-12T18:14:29Z" finished-at="2018-12-12T18:14:29Z">
          <reporter-output>
          </reporter-output>
        </test-method> <!-- setUp -->
        <test-method status="PASS" signature="setUp()[pri:0, instance:test.FileActionTest@1e643faf]" name="setUp" is-config="true" duration-ms="0" started-at="2018-12-12T18:14:29Z" finished-at="2018-12-12T18:14:29Z">
          <reporter-output>
          </reporter-output>
        </test-method> <!-- setUp -->
        <test-method status="PASS" signature="tearDown()[pri:0, instance:test.FileActionTest@1e643faf]" name="tearDown" is-config="true" duration-ms="0" started-at="2018-12-12T18:14:29Z" finished-at="2018-12-12T18:14:29Z">
          <reporter-output>
          </reporter-output>
        </test-method> <!-- tearDown -->
        <test-method status="PASS" signature="tearDown()[pri:0, instance:test.FileActionTest@1e643faf]" name="tearDown" is-config="true" duration-ms="0" started-at="2018-12-12T18:14:29Z" finished-at="2018-12-12T18:14:29Z">
          <reporter-output>
          </reporter-output>
        </test-method> <!-- tearDown -->
        <test-method status="PASS" signature="tearDown()[pri:0, instance:test.FileActionTest@1e643faf]" name="tearDown" is-config="true" duration-ms="0" started-at="2018-12-12T18:14:29Z" finished-at="2018-12-12T18:14:29Z">
          <reporter-output>
          </reporter-output>
        </test-method> <!-- tearDown -->
        <test-method status="PASS" signature="get_LargestWord_From_File_LineWithSpaces(java.lang.String, java.lang.String)[pri:0, instance:test.FileActionTest@1e643faf]" name="get_LargestWord_From_File_LineWithSpaces" duration-ms="0" started-at="2018-12-12T18:14:29Z" finished-at="2018-12-12T18:14:29Z">
          <params>
            <param index="0">
              <value>
                <![CDATA[abcde]]>
              </value>
            </param>
            <param index="1">
              <value>
                <![CDATA[src/test/resources/fileLineWithSpaces.txt]]>
              </value>
            </param>
          </params>
          <reporter-output>
          </reporter-output>
        </test-method> <!-- get_LargestWord_From_File_LineWithSpaces -->
        <test-method status="PASS" signature="get_LargestWord_From_File_StartWithBlankLines(java.lang.String, java.lang.String)[pri:0, instance:test.FileActionTest@1e643faf]" name="get_LargestWord_From_File_StartWithBlankLines" duration-ms="0" started-at="2018-12-12T18:14:29Z" finished-at="2018-12-12T18:14:29Z">
          <params>
            <param index="0">
              <value>
                <![CDATA[abcde]]>
              </value>
            </param>
            <param index="1">
              <value>
                <![CDATA[src/test/resources/fileStartWithBlankLines.txt]]>
              </value>
            </param>
          </params>
          <reporter-output>
          </reporter-output>
        </test-method> <!-- get_LargestWord_From_File_StartWithBlankLines -->
        <test-method status="PASS" signature="tearDown()[pri:0, instance:test.FileActionTest@1e643faf]" name="tearDown" is-config="true" duration-ms="0" started-at="2018-12-12T18:14:29Z" finished-at="2018-12-12T18:14:29Z">
          <reporter-output>
          </reporter-output>
        </test-method> <!-- tearDown -->
        <test-method status="PASS" signature="setUp()[pri:0, instance:test.FileActionTest@1e643faf]" name="setUp" is-config="true" duration-ms="16" started-at="2018-12-12T18:14:29Z" finished-at="2018-12-12T18:14:29Z">
          <reporter-output>
          </reporter-output>
        </test-method> <!-- setUp -->
        <test-method status="PASS" signature="get_LargestWord_Transposed_From_File_LineWithSpaces(java.lang.String, java.lang.String)[pri:0, instance:test.FileActionTest@1e643faf]" name="get_LargestWord_Transposed_From_File_LineWithSpaces" duration-ms="0" started-at="2018-12-12T18:14:29Z" finished-at="2018-12-12T18:14:29Z">
          <params>
            <param index="0">
              <value>
                <![CDATA[edcba]]>
              </value>
            </param>
            <param index="1">
              <value>
                <![CDATA[src/test/resources/fileLineWithSpaces.txt]]>
              </value>
            </param>
          </params>
          <reporter-output>
          </reporter-output>
        </test-method> <!-- get_LargestWord_Transposed_From_File_LineWithSpaces -->
        <test-method status="PASS" signature="tearDown()[pri:0, instance:test.FileActionTest@1e643faf]" name="tearDown" is-config="true" duration-ms="0" started-at="2018-12-12T18:14:29Z" finished-at="2018-12-12T18:14:29Z">
          <reporter-output>
          </reporter-output>
        </test-method> <!-- tearDown -->
        <test-method status="PASS" signature="get_LargestWord_Transposed_From_File_HappyPath(java.lang.String, java.lang.String)[pri:0, instance:test.FileActionTest@1e643faf]" name="get_LargestWord_Transposed_From_File_HappyPath" duration-ms="0" started-at="2018-12-12T18:14:29Z" finished-at="2018-12-12T18:14:29Z">
          <params>
            <param index="0">
              <value>
                <![CDATA[edcba]]>
              </value>
            </param>
            <param index="1">
              <value>
                <![CDATA[src/test/resources/fileHappyPath.txt]]>
              </value>
            </param>
          </params>
          <reporter-output>
          </reporter-output>
        </test-method> <!-- get_LargestWord_Transposed_From_File_HappyPath -->
        <test-method status="PASS" signature="get_LargestWord_From_File_MultipleLargeWords(java.lang.String, java.lang.String)[pri:0, instance:test.FileActionTest@1e643faf]" name="get_LargestWord_From_File_MultipleLargeWords" duration-ms="0" started-at="2018-12-12T18:14:29Z" finished-at="2018-12-12T18:14:29Z">
          <params>
            <param index="0">
              <value>
                <![CDATA[abcde]]>
              </value>
            </param>
            <param index="1">
              <value>
                <![CDATA[src/test/resources/fileMultipleLargeWords.txt]]>
              </value>
            </param>
          </params>
          <reporter-output>
          </reporter-output>
        </test-method> <!-- get_LargestWord_From_File_MultipleLargeWords -->
        <test-method status="PASS" signature="get_LargestWord_Transposed_File_NotSupported(java.lang.String)[pri:0, instance:test.FileActionTest@1e643faf]" name="get_LargestWord_Transposed_File_NotSupported" duration-ms="0" started-at="2018-12-12T18:14:29Z" finished-at="2018-12-12T18:14:29Z">
          <params>
            <param index="0">
              <value>
                <![CDATA[src/test/resources/image.jpg]]>
              </value>
            </param>
          </params>
          <exception class="java.lang.Exception">
            <message>
              <![CDATA[File Format is not supported]]>
            </message>
            <full-stacktrace>
              <![CDATA[java.lang.Exception: File Format is not supported
at com.FileAction.getLargestWord(FileAction.java:35)
at com.FileAction.getLargestWordTransposed(FileAction.java:39)
at test.FileActionTest.get_LargestWord_Transposed_File_NotSupported(FileActionTest.java:273)
at sun.reflect.NativeMethodAccessorImpl.invoke0(Native Method)
at sun.reflect.NativeMethodAccessorImpl.invoke(NativeMethodAccessorImpl.java:62)
at sun.reflect.DelegatingMethodAccessorImpl.invoke(DelegatingMethodAccessorImpl.java:43)
at java.lang.reflect.Method.invoke(Method.java:498)
at org.testng.internal.MethodInvocationHelper.invokeMethod(MethodInvocationHelper.java:124)
at org.testng.internal.Invoker.invokeMethod(Invoker.java:583)
at org.testng.internal.Invoker.invokeTestMethod(Invoker.java:719)
at org.testng.internal.Invoker.invokeTestMethods(Invoker.java:989)
at org.testng.internal.TestMethodWorker.invokeTestMethods(TestMethodWorker.java:125)
at org.testng.internal.TestMethodWorker.run(TestMethodWorker.java:109)
at org.testng.TestRunner.privateRun(TestRunner.java:648)
at org.testng.TestRunner.run(TestRunner.java:505)
at org.testng.SuiteRunner.runTest(SuiteRunner.java:455)
at org.testng.SuiteRunner.runSequentially(SuiteRunner.java:450)
at org.testng.SuiteRunner.privateRun(SuiteRunner.java:415)
at org.testng.SuiteRunner.run(SuiteRunner.java:364)
at org.testng.SuiteRunnerWorker.runSuite(SuiteRunnerWorker.java:52)
at org.testng.SuiteRunnerWorker.run(SuiteRunnerWorker.java:84)
at org.testng.TestNG.runSuitesSequentially(TestNG.java:1208)
at org.testng.TestNG.runSuitesLocally(TestNG.java:1137)
at org.testng.TestNG.runSuites(TestNG.java:1049)
at org.testng.TestNG.run(TestNG.java:1017)
at org.apache.maven.surefire.testng.TestNGExecutor.run(TestNGExecutor.java:281)
at org.apache.maven.surefire.testng.TestNGXmlTestSuite.execute(TestNGXmlTestSuite.java:75)
at org.apache.maven.surefire.testng.TestNGProvider.invoke(TestNGProvider.java:121)
at org.apache.maven.surefire.booter.ForkedBooter.invokeProviderInSameClassLoader(ForkedBooter.java:290)
at org.apache.maven.surefire.booter.ForkedBooter.runSuitesInProcess(ForkedBooter.java:242)
at org.apache.maven.surefire.booter.ForkedBooter.main(ForkedBooter.java:121)
]]>
            </full-stacktrace>
          </exception> <!-- java.lang.Exception -->
          <reporter-output>
          </reporter-output>
        </test-method> <!-- get_LargestWord_Transposed_File_NotSupported -->
        <test-method status="PASS" signature="tearDown()[pri:0, instance:test.FileActionTest@1e643faf]" name="tearDown" is-config="true" duration-ms="0" started-at="2018-12-12T18:14:29Z" finished-at="2018-12-12T18:14:29Z">
          <reporter-output>
          </reporter-output>
        </test-method> <!-- tearDown -->
        <test-method status="PASS" signature="setUp()[pri:0, instance:test.FileActionTest@1e643faf]" name="setUp" is-config="true" duration-ms="0" started-at="2018-12-12T18:14:29Z" finished-at="2018-12-12T18:14:29Z">
          <reporter-output>
          </reporter-output>
        </test-method> <!-- setUp -->
        <test-method status="PASS" signature="get_LargestWord_From_File_HappyPath(java.lang.String, java.lang.String)[pri:0, instance:test.FileActionTest@1e643faf]" name="get_LargestWord_From_File_HappyPath" duration-ms="0" started-at="2018-12-12T18:14:29Z" finished-at="2018-12-12T18:14:29Z">
          <params>
            <param index="0">
              <value>
                <![CDATA[abcde]]>
              </value>
            </param>
            <param index="1">
              <value>
                <![CDATA[src/test/resources/fileHappyPath.txt]]>
              </value>
            </param>
          </params>
          <reporter-output>
          </reporter-output>
        </test-method> <!-- get_LargestWord_From_File_HappyPath -->
        <test-method status="PASS" signature="setUp()[pri:0, instance:test.FileActionTest@1e643faf]" name="setUp" is-config="true" duration-ms="0" started-at="2018-12-12T18:14:29Z" finished-at="2018-12-12T18:14:29Z">
          <reporter-output>
          </reporter-output>
        </test-method> <!-- setUp -->
        <test-method status="PASS" signature="setUp()[pri:0, instance:test.FileActionTest@1e643faf]" name="setUp" is-config="true" duration-ms="0" started-at="2018-12-12T18:14:29Z" finished-at="2018-12-12T18:14:29Z">
          <reporter-output>
          </reporter-output>
        </test-method> <!-- setUp -->
        <test-method status="PASS" signature="setUp()[pri:0, instance:test.FileActionTest@1e643faf]" name="setUp" is-config="true" duration-ms="0" started-at="2018-12-12T18:14:29Z" finished-at="2018-12-12T18:14:29Z">
          <reporter-output>
          </reporter-output>
        </test-method> <!-- setUp -->
        <test-method status="PASS" signature="get_LargestWord_Transposed_From_File_MultipleLargeWords(java.lang.String, java.lang.String)[pri:0, instance:test.FileActionTest@1e643faf]" name="get_LargestWord_Transposed_From_File_MultipleLargeWords" duration-ms="0" started-at="2018-12-12T18:14:29Z" finished-at="2018-12-12T18:14:29Z">
          <params>
            <param index="0">
              <value>
                <![CDATA[edcba]]>
              </value>
            </param>
            <param index="1">
              <value>
                <![CDATA[src/test/resources/fileMultipleLargeWords.txt]]>
              </value>
            </param>
          </params>
          <reporter-output>
          </reporter-output>
        </test-method> <!-- get_LargestWord_Transposed_From_File_MultipleLargeWords -->
        <test-method status="PASS" signature="setUp()[pri:0, instance:test.FileActionTest@1e643faf]" name="setUp" is-config="true" duration-ms="0" started-at="2018-12-12T18:14:29Z" finished-at="2018-12-12T18:14:29Z">
          <reporter-output>
          </reporter-output>
        </test-method> <!-- setUp -->
        <test-method status="PASS" signature="setUp()[pri:0, instance:test.FileActionTest@1e643faf]" name="setUp" is-config="true" duration-ms="0" started-at="2018-12-12T18:14:29Z" finished-at="2018-12-12T18:14:29Z">
          <reporter-output>
          </reporter-output>
        </test-method> <!-- setUp -->
        <test-method status="PASS" signature="get_LargestWord_Transposed_From_File_StartWithBlankLines(java.lang.String, java.lang.String)[pri:0, instance:test.FileActionTest@1e643faf]" name="get_LargestWord_Transposed_From_File_StartWithBlankLines" duration-ms="0" started-at="2018-12-12T18:14:29Z" finished-at="2018-12-12T18:14:29Z">
          <params>
            <param index="0">
              <value>
                <![CDATA[edcba]]>
              </value>
            </param>
            <param index="1">
              <value>
                <![CDATA[src/test/resources/fileStartWithBlankLines.txt]]>
              </value>
            </param>
          </params>
          <reporter-output>
          </reporter-output>
        </test-method> <!-- get_LargestWord_Transposed_From_File_StartWithBlankLines -->
        <test-method status="PASS" signature="tearDown()[pri:0, instance:test.FileActionTest@1e643faf]" name="tearDown" is-config="true" duration-ms="0" started-at="2018-12-12T18:14:29Z" finished-at="2018-12-12T18:14:29Z">
          <reporter-output>
          </reporter-output>
        </test-method> <!-- tearDown -->
        <test-method status="PASS" signature="tearDown()[pri:0, instance:test.FileActionTest@1e643faf]" name="tearDown" is-config="true" duration-ms="0" started-at="2018-12-12T18:14:29Z" finished-at="2018-12-12T18:14:29Z">
          <reporter-output>
          </reporter-output>
        </test-method> <!-- tearDown -->
        <test-method status="PASS" signature="tearDown()[pri:0, instance:test.FileActionTest@1e643faf]" name="tearDown" is-config="true" duration-ms="0" started-at="2018-12-12T18:14:29Z" finished-at="2018-12-12T18:14:29Z">
          <reporter-output>
          </reporter-output>
        </test-method> <!-- tearDown -->
        <test-method status="PASS" signature="get_LargestWord__Transposed_File_MultipleWordsSameLine(java.lang.String, java.lang.String)[pri:0, instance:test.FileActionTest@1e643faf]" name="get_LargestWord__Transposed_File_MultipleWordsSameLine" duration-ms="0" started-at="2018-12-12T18:14:29Z" finished-at="2018-12-12T18:14:29Z">
          <params>
            <param index="0">
              <value>
                <![CDATA[src/test/resources/fileMultipleWordsSameLine.txt]]>
              </value>
            </param>
            <param index="1">
              <value>
                <![CDATA[xxxxxxxxx cba]]>
              </value>
            </param>
          </params>
          <reporter-output>
          </reporter-output>
        </test-method> <!-- get_LargestWord__Transposed_File_MultipleWordsSameLine -->
        <test-method status="PASS" signature="tearDown()[pri:0, instance:test.FileActionTest@1e643faf]" name="tearDown" is-config="true" duration-ms="0" started-at="2018-12-12T18:14:29Z" finished-at="2018-12-12T18:14:29Z">
          <reporter-output>
          </reporter-output>
        </test-method> <!-- tearDown -->
        <test-method status="PASS" signature="tearDown()[pri:0, instance:test.FileActionTest@1e643faf]" name="tearDown" is-config="true" duration-ms="0" started-at="2018-12-12T18:14:29Z" finished-at="2018-12-12T18:14:29Z">
          <reporter-output>
          </reporter-output>
        </test-method> <!-- tearDown -->
        <test-method status="PASS" signature="setUp()[pri:0, instance:test.FileActionTest@1e643faf]" name="setUp" is-config="true" duration-ms="0" started-at="2018-12-12T18:14:29Z" finished-at="2018-12-12T18:14:29Z">
          <reporter-output>
          </reporter-output>
        </test-method> <!-- setUp -->
        <test-method status="PASS" signature="setUp()[pri:0, instance:test.FileActionTest@1e643faf]" name="setUp" is-config="true" duration-ms="0" started-at="2018-12-12T18:14:29Z" finished-at="2018-12-12T18:14:29Z">
          <reporter-output>
          </reporter-output>
        </test-method> <!-- setUp -->
        <test-method status="PASS" signature="get_LargestWord__Transposed_File_Specialcharacters(java.lang.String, java.lang.String)[pri:0, instance:test.FileActionTest@1e643faf]" name="get_LargestWord__Transposed_File_Specialcharacters" duration-ms="0" started-at="2018-12-12T18:14:29Z" finished-at="2018-12-12T18:14:29Z">
          <params>
            <param index="0">
              <value>
                <![CDATA[src/test/resources/fileSpecialcharacters.txt]]>
              </value>
            </param>
            <param index="1">
              <value>
                <![CDATA[d@+*)%$#cba]]>
              </value>
            </param>
          </params>
          <reporter-output>
          </reporter-output>
        </test-method> <!-- get_LargestWord__Transposed_File_Specialcharacters -->
        <test-method status="PASS" signature="get_LargestWord_Transposed_From_File_OneWord(java.lang.String, java.lang.String)[pri:0, instance:test.FileActionTest@1e643faf]" name="get_LargestWord_Transposed_From_File_OneWord" duration-ms="0" started-at="2018-12-12T18:14:29Z" finished-at="2018-12-12T18:14:29Z">
          <params>
            <param index="0">
              <value>
                <![CDATA[ba]]>
              </value>
            </param>
            <param index="1">
              <value>
                <![CDATA[src/test/resources/fileOneWord.txt]]>
              </value>
            </param>
          </params>
          <reporter-output>
          </reporter-output>
        </test-method> <!-- get_LargestWord_Transposed_From_File_OneWord -->
        <test-method status="PASS" signature="get_LargestWord__Transposed_File_Empty(java.lang.String)[pri:0, instance:test.FileActionTest@1e643faf]" name="get_LargestWord__Transposed_File_Empty" duration-ms="0" started-at="2018-12-12T18:14:29Z" finished-at="2018-12-12T18:14:29Z">
          <params>
            <param index="0">
              <value>
                <![CDATA[src/test/resources/fileEmpty.txt]]>
              </value>
            </param>
          </params>
          <exception class="java.lang.Exception">
            <message>
              <![CDATA[File is Empty]]>
            </message>
            <full-stacktrace>
              <![CDATA[java.lang.Exception: File is Empty
at com.FileAction.getLargestWord(FileAction.java:29)
at com.FileAction.getLargestWordTransposed(FileAction.java:39)
at test.FileActionTest.get_LargestWord__Transposed_File_Empty(FileActionTest.java:125)
at sun.reflect.NativeMethodAccessorImpl.invoke0(Native Method)
at sun.reflect.NativeMethodAccessorImpl.invoke(NativeMethodAccessorImpl.java:62)
at sun.reflect.DelegatingMethodAccessorImpl.invoke(DelegatingMethodAccessorImpl.java:43)
at java.lang.reflect.Method.invoke(Method.java:498)
at org.testng.internal.MethodInvocationHelper.invokeMethod(MethodInvocationHelper.java:124)
at org.testng.internal.Invoker.invokeMethod(Invoker.java:583)
at org.testng.internal.Invoker.invokeTestMethod(Invoker.java:719)
at org.testng.internal.Invoker.invokeTestMethods(Invoker.java:989)
at org.testng.internal.TestMethodWorker.invokeTestMethods(TestMethodWorker.java:125)
at org.testng.internal.TestMethodWorker.run(TestMethodWorker.java:109)
at org.testng.TestRunner.privateRun(TestRunner.java:648)
at org.testng.TestRunner.run(TestRunner.java:505)
at org.testng.SuiteRunner.runTest(SuiteRunner.java:455)
at org.testng.SuiteRunner.runSequentially(SuiteRunner.java:450)
at org.testng.SuiteRunner.privateRun(SuiteRunner.java:415)
at org.testng.SuiteRunner.run(SuiteRunner.java:364)
at org.testng.SuiteRunnerWorker.runSuite(SuiteRunnerWorker.java:52)
at org.testng.SuiteRunnerWorker.run(SuiteRunnerWorker.java:84)
at org.testng.TestNG.runSuitesSequentially(TestNG.java:1208)
at org.testng.TestNG.runSuitesLocally(TestNG.java:1137)
at org.testng.TestNG.runSuites(TestNG.java:1049)
at org.testng.TestNG.run(TestNG.java:1017)
at org.apache.maven.surefire.testng.TestNGExecutor.run(TestNGExecutor.java:281)
at org.apache.maven.surefire.testng.TestNGXmlTestSuite.execute(TestNGXmlTestSuite.java:75)
at org.apache.maven.surefire.testng.TestNGProvider.invoke(TestNGProvider.java:121)
at org.apache.maven.surefire.booter.ForkedBooter.invokeProviderInSameClassLoader(ForkedBooter.java:290)
at org.apache.maven.surefire.booter.ForkedBooter.runSuitesInProcess(ForkedBooter.java:242)
at org.apache.maven.surefire.booter.ForkedBooter.main(ForkedBooter.java:121)
]]>
            </full-stacktrace>
          </exception> <!-- java.lang.Exception -->
          <reporter-output>
          </reporter-output>
        </test-method> <!-- get_LargestWord__Transposed_File_Empty -->
        <test-method status="PASS" signature="tearDown()[pri:0, instance:test.FileActionTest@1e643faf]" name="tearDown" is-config="true" duration-ms="0" started-at="2018-12-12T18:14:29Z" finished-at="2018-12-12T18:14:29Z">
          <reporter-output>
          </reporter-output>
        </test-method> <!-- tearDown -->
        <test-method status="PASS" signature="setUp()[pri:0, instance:test.FileActionTest@1e643faf]" name="setUp" is-config="true" duration-ms="0" started-at="2018-12-12T18:14:29Z" finished-at="2018-12-12T18:14:29Z">
          <reporter-output>
          </reporter-output>
        </test-method> <!-- setUp -->
        <test-method status="PASS" signature="setUp()[pri:0, instance:test.FileActionTest@1e643faf]" name="setUp" is-config="true" duration-ms="0" started-at="2018-12-12T18:14:29Z" finished-at="2018-12-12T18:14:29Z">
          <reporter-output>
          </reporter-output>
        </test-method> <!-- setUp -->
        <test-method status="PASS" signature="get_LargestWord__Transposed__File_DoesNotExist(java.lang.String)[pri:0, instance:test.FileActionTest@1e643faf]" name="get_LargestWord__Transposed__File_DoesNotExist" duration-ms="0" started-at="2018-12-12T18:14:29Z" finished-at="2018-12-12T18:14:29Z">
          <params>
            <param index="0">
              <value>
                <![CDATA[src/test/resources/fileDoesNotExist.txt]]>
              </value>
            </param>
          </params>
          <exception class="java.lang.Exception">
            <message>
              <![CDATA[File does not exist]]>
            </message>
            <full-stacktrace>
              <![CDATA[java.lang.Exception: File does not exist
at com.FileAction.getLargestWord(FileAction.java:32)
at com.FileAction.getLargestWordTransposed(FileAction.java:39)
at test.FileActionTest.get_LargestWord__Transposed__File_DoesNotExist(FileActionTest.java:147)
at sun.reflect.NativeMethodAccessorImpl.invoke0(Native Method)
at sun.reflect.NativeMethodAccessorImpl.invoke(NativeMethodAccessorImpl.java:62)
at sun.reflect.DelegatingMethodAccessorImpl.invoke(DelegatingMethodAccessorImpl.java:43)
at java.lang.reflect.Method.invoke(Method.java:498)
at org.testng.internal.MethodInvocationHelper.invokeMethod(MethodInvocationHelper.java:124)
at org.testng.internal.Invoker.invokeMethod(Invoker.java:583)
at org.testng.internal.Invoker.invokeTestMethod(Invoker.java:719)
at org.testng.internal.Invoker.invokeTestMethods(Invoker.java:989)
at org.testng.internal.TestMethodWorker.invokeTestMethods(TestMethodWorker.java:125)
at org.testng.internal.TestMethodWorker.run(TestMethodWorker.java:109)
at org.testng.TestRunner.privateRun(TestRunner.java:648)
at org.testng.TestRunner.run(TestRunner.java:505)
at org.testng.SuiteRunner.runTest(SuiteRunner.java:455)
at org.testng.SuiteRunner.runSequentially(SuiteRunner.java:450)
at org.testng.SuiteRunner.privateRun(SuiteRunner.java:415)
at org.testng.SuiteRunner.run(SuiteRunner.java:364)
at org.testng.SuiteRunnerWorker.runSuite(SuiteRunnerWorker.java:52)
at org.testng.SuiteRunnerWorker.run(SuiteRunnerWorker.java:84)
at org.testng.TestNG.runSuitesSequentially(TestNG.java:1208)
at org.testng.TestNG.runSuitesLocally(TestNG.java:1137)
at org.testng.TestNG.runSuites(TestNG.java:1049)
at org.testng.TestNG.run(TestNG.java:1017)
at org.apache.maven.surefire.testng.TestNGExecutor.run(TestNGExecutor.java:281)
at org.apache.maven.surefire.testng.TestNGXmlTestSuite.execute(TestNGXmlTestSuite.java:75)
at org.apache.maven.surefire.testng.TestNGProvider.invoke(TestNGProvider.java:121)
at org.apache.maven.surefire.booter.ForkedBooter.invokeProviderInSameClassLoader(ForkedBooter.java:290)
at org.apache.maven.surefire.booter.ForkedBooter.runSuitesInProcess(ForkedBooter.java:242)
at org.apache.maven.surefire.booter.ForkedBooter.main(ForkedBooter.java:121)
]]>
            </full-stacktrace>
          </exception> <!-- java.lang.Exception -->
          <reporter-output>
          </reporter-output>
        </test-method> <!-- get_LargestWord__Transposed__File_DoesNotExist -->
        <test-method status="PASS" signature="tearDown()[pri:0, instance:test.FileActionTest@1e643faf]" name="tearDown" is-config="true" duration-ms="0" started-at="2018-12-12T18:14:29Z" finished-at="2018-12-12T18:14:29Z">
          <reporter-output>
          </reporter-output>
        </test-method> <!-- tearDown -->
      </class> <!-- test.FileActionTest -->
    </test> <!-- FileAction Test -->
  </suite> <!-- FileAction Suite -->
</testng-results>
